Determining if the pthread_create exist failed with the following output:
Change Dir: /home/yuntian/gitRepository/mySlambook/ch5/jointMap/build/CMakeFiles/CMakeTmp

Run Build Command:"/usr/bin/make" "cmTC_82202/fast"
/usr/bin/make -f CMakeFiles/cmTC_82202.dir/build.make CMakeFiles/cmTC_82202.dir/build
make[1]: 进入目录“/home/yuntian/gitRepository/mySlambook/ch5/jointMap/build/CMakeFiles/CMakeTmp”
Building C object CMakeFiles/cmTC_82202.dir/CheckSymbolExists.c.o
/usr/bin/cc    -o CMakeFiles/cmTC_82202.dir/CheckSymbolExists.c.o   -c /home/yuntian/gitRepository/mySlambook/ch5/jointMap/build/CMakeFiles/CMakeTmp/CheckSymbolExists.c
Linking C executable cmTC_82202
/usr/bin/cmake -E cmake_link_script CMakeFiles/cmTC_82202.dir/link.txt --verbose=1
/usr/bin/cc      -rdynamic CMakeFiles/cmTC_82202.dir/CheckSymbolExists.c.o  -o cmTC_82202 
CMakeFiles/cmTC_82202.dir/CheckSymbolExists.c.o：在函数‘main’中：
CheckSymbolExists.c:(.text+0x1b)：对‘pthread_create’未定义的引用
collect2: error: ld returned 1 exit status
CMakeFiles/cmTC_82202.dir/build.make:97: recipe for target 'cmTC_82202' failed
make[1]: *** [cmTC_82202] Error 1
make[1]: 离开目录“/home/yuntian/gitRepository/mySlambook/ch5/jointMap/build/CMakeFiles/CMakeTmp”
Makefile:126: recipe for target 'cmTC_82202/fast' failed
make: *** [cmTC_82202/fast] Error 2

File /home/yuntian/gitRepository/mySlambook/ch5/jointMap/build/CMakeFiles/CMakeTmp/CheckSymbolExists.c:
/* */
#include <pthread.h>

int main(int argc, char** argv)
{
  (void)argv;
#ifndef pthread_create
  return ((int*)(&pthread_create))[argc];
#else
  (void)argc;
  return 0;
#endif
}

Determining if the function pthread_create exists in the pthreads failed with the following output:
Change Dir: /home/yuntian/gitRepository/mySlambook/ch5/jointMap/build/CMakeFiles/CMakeTmp

Run Build Command:"/usr/bin/make" "cmTC_08507/fast"
/usr/bin/make -f CMakeFiles/cmTC_08507.dir/build.make CMakeFiles/cmTC_08507.dir/build
make[1]: 进入目录“/home/yuntian/gitRepository/mySlambook/ch5/jointMap/build/CMakeFiles/CMakeTmp”
Building C object CMakeFiles/cmTC_08507.dir/CheckFunctionExists.c.o
/usr/bin/cc   -DCHECK_FUNCTION_EXISTS=pthread_create   -o CMakeFiles/cmTC_08507.dir/CheckFunctionExists.c.o   -c /usr/share/cmake-3.10/Modules/CheckFunctionExists.c
Linking C executable cmTC_08507
/usr/bin/cmake -E cmake_link_script CMakeFiles/cmTC_08507.dir/link.txt --verbose=1
/usr/bin/cc  -DCHECK_FUNCTION_EXISTS=pthread_create    -rdynamic CMakeFiles/cmTC_08507.dir/CheckFunctionExists.c.o  -o cmTC_08507 -lpthreads 
/usr/bin/ld: 找不到 -lpthreads
collect2: error: ld returned 1 exit status
CMakeFiles/cmTC_08507.dir/build.make:97: recipe for target 'cmTC_08507' failed
make[1]: *** [cmTC_08507] Error 1
make[1]: 离开目录“/home/yuntian/gitRepository/mySlambook/ch5/jointMap/build/CMakeFiles/CMakeTmp”
Makefile:126: recipe for target 'cmTC_08507/fast' failed
make: *** [cmTC_08507/fast] Error 2


